
=== Run: 2026-03-25 19:06:34 ===

3 alert(s) triggered:

[MEDIUM] Sudo Authentication Failure (RULE-003)
  MITRE ATT&CK : T1078 - Valid Accounts (Privilege Escalation)
  Action       : log
  Log entry    : pam_unix(sudo:auth): authentication failure; logname= uid=1005

[MEDIUM] Segfault Detected (RULE-006)
  MITRE ATT&CK : T1203 - Exploitation for Client Execution (Execution)
  Action       : alert
  Log entry    : program[9708]: segfault at 0 ip 00007f rsp 00007f error 4

[HIGH] Brute Force Detected (RULE-BF)
  MITRE ATT&CK : T1110 - Brute Force (Credential Access)
  Action       : alert
  Log entry    : Source IP 45.33.32.156 had 9 failed login attempts

=== Run: 2026-04-12 08:04:46 ===

21 alert(s) triggered:

[HIGH] Root Login Attempt (RULE-007)
  MITRE ATT&CK : T1110 - Brute Force (Credential Access)
  Action       : alert
  Log entry    : Failed password for root from 10.0.0.99 port 45670 ssh2

[HIGH] SSH Brute Force (RULE-001)
  MITRE ATT&CK : T1110 - Brute Force (Credential Access)
  Action       : alert
  Log entry    : Failed password for root from 10.0.0.99 port 61259 ssh2

[HIGH] Root Login Attempt (RULE-007)
  MITRE ATT&CK : T1110 - Brute Force (Credential Access)
  Action       : alert
  Log entry    : Failed password for root from 10.0.0.99 port 61259 ssh2

[MEDIUM] Invalid User Login Attempt (RULE-002)
  MITRE ATT&CK : T1078 - Valid Accounts (Initial Access)
  Action       : log
  Log entry    : Invalid user hadoop from 10.0.0.99

[HIGH] SSH Brute Force (RULE-001)
  MITRE ATT&CK : T1110 - Brute Force (Credential Access)
  Action       : alert
  Log entry    : Failed password for ubuntu from 10.0.0.99 port 42736 ssh2

[MEDIUM] Admin Path Probe (RULE-005)
  MITRE ATT&CK : T1190 - Exploit Public-Facing Application (Initial Access)
  Action       : log
  Log entry    : GET /admin HTTP/1.1

[MEDIUM] Invalid User Login Attempt (RULE-002)
  MITRE ATT&CK : T1078 - Valid Accounts (Initial Access)
  Action       : log
  Log entry    : Invalid user ftpuser from 10.0.0.99

[HIGH] SSH Brute Force (RULE-001)
  MITRE ATT&CK : T1110 - Brute Force (Credential Access)
  Action       : alert
  Log entry    : Failed password for oracle from 10.0.0.99 port 49998 ssh2

[HIGH] SSH Brute Force (RULE-001)
  MITRE ATT&CK : T1110 - Brute Force (Credential Access)
  Action       : alert
  Log entry    : Failed password for deploy from 10.0.0.99 port 58767 ssh2

[MEDIUM] Sudo Authentication Failure (RULE-003)
  MITRE ATT&CK : T1078 - Valid Accounts (Privilege Escalation)
  Action       : log
  Log entry    : pam_unix(sudo:auth): authentication failure; logname= uid=1005

[HIGH] SSH Brute Force (RULE-001)
  MITRE ATT&CK : T1110 - Brute Force (Credential Access)
  Action       : alert
  Log entry    : Failed password for root from 10.0.0.99 port 45710 ssh2

[HIGH] Root Login Attempt (RULE-007)
  MITRE ATT&CK : T1110 - Brute Force (Credential Access)
  Action       : alert
  Log entry    : Failed password for root from 10.0.0.99 port 45710 ssh2

[HIGH] SSH Brute Force (RULE-001)
  MITRE ATT&CK : T1110 - Brute Force (Credential Access)
  Action       : alert
  Log entry    : Failed password for root from 10.0.0.99 port 53115 ssh2

[HIGH] Root Login Attempt (RULE-007)
  MITRE ATT&CK : T1110 - Brute Force (Credential Access)
  Action       : alert
  Log entry    : Failed password for root from 10.0.0.99 port 53115 ssh2

[MEDIUM] Port Scan Detected (RULE-008)
  MITRE ATT&CK : T1046 - Network Service Discovery (Discovery)
  Action       : log
  Log entry    : [UFW BLOCK] IN=eth0 SRC=45.33.32.156 SCAN flags=S

[HIGH] Directory Traversal Attempt (RULE-010)
  MITRE ATT&CK : T1083 - File and Directory Discovery (Discovery)
  Action       : alert
  Log entry    : GET /../etc/passwd HTTP/1.1

[MEDIUM] Segfault Detected (RULE-006)
  MITRE ATT&CK : T1203 - Exploitation for Client Execution (Execution)
  Action       : alert
  Log entry    : program[9052]: segfault at 0 ip 00007f rsp 00007f error 4

[HIGH] Credential Stuffing Attempt (RULE-004)
  MITRE ATT&CK : T1110.004 - Credential Stuffing (Credential Access)
  Action       : alert
  Log entry    : GET /login HTTP/1.1

[HIGH] SSH Brute Force (RULE-001)
  MITRE ATT&CK : T1110 - Brute Force (Credential Access)
  Action       : alert
  Log entry    : Failed password for nagios from 10.0.0.99 port 64611 ssh2

[HIGH] Brute Force Detected (RULE-BF)
  MITRE ATT&CK : T1110 - Brute Force (Credential Access)
  Action       : alert
  Log entry    : Source IP 10.0.0.99 had 12 failed login attempts
